03-22 15:12:51 svg2mod 1301:Font "BerkeleyMono-Bold" does not natively support style "Regular" using "Path" instead
03-22 15:12:51 svg2mod-unfiltered 262:Found SVG layer: F.SilkS
03-22 15:12:51 svg2mod 263:  Detailed names: [F.SilkS]
03-22 15:12:51 svg2mod 304:  Inlining 2 segments...
03-22 15:12:51 svg2mod 339:  Writing Text with 115 points
03-22 15:12:51 svg2mod 339:  Writing Text with 12 points
03-22 15:12:51 svg2mod 339:  Writing Text with 10 points
03-22 15:12:51 svg2mod 1301:Font "BerkeleyMono-Bold" does not natively support style "Regular" using "Path" instead
03-22 15:12:51 svg2mod-unfiltered 262:Found SVG layer: F.SilkS
03-22 15:12:51 svg2mod 263:  Detailed names: [F.SilkS]
03-22 15:12:51 svg2mod 304:  Inlining 5 segments...
03-22 15:12:51 svg2mod 339:  Writing Text with 168 points
03-22 15:12:51 svg2mod 339:  Writing Text with 17 points
03-22 15:12:51 svg2mod 339:  Writing Text with 5 points
03-22 15:12:51 svg2mod 339:  Writing Text with 12 points
03-22 15:12:51 svg2mod 339:  Writing Text with 10 points
03-22 15:12:52 svg2mod 1301:Font "BerkeleyMono-Bold" does not natively support style "Regular" using "Path" instead
03-22 15:12:52 svg2mod-unfiltered 262:Found SVG layer: F.SilkS
03-22 15:12:52 svg2mod 263:  Detailed names: [F.SilkS]
03-22 15:12:52 svg2mod 304:  Inlining 7 segments...
03-22 15:12:52 svg2mod 339:  Writing Text with 225 points
03-22 15:12:52 svg2mod 339:  Writing Text with 17 points
03-22 15:12:52 svg2mod 339:  Writing Text with 5 points
03-22 15:12:52 svg2mod 339:  Writing Text with 12 points
03-22 15:12:52 svg2mod 339:  Writing Text with 10 points
03-22 15:12:54 svg2mod 1301:Font "BerkeleyMono-Bold" does not natively support style "Regular" using "Path" instead
03-22 15:12:54 svg2mod-unfiltered 262:Found SVG layer: F.SilkS
03-22 15:12:54 svg2mod 263:  Detailed names: [F.SilkS]
03-22 15:12:54 svg2mod 304:  Inlining 7 segments...
03-22 15:12:54 svg2mod 339:  Writing Text with 193 points
03-22 15:12:54 svg2mod 339:  Writing Text with 17 points
03-22 15:12:54 svg2mod 339:  Writing Text with 5 points
03-22 15:12:54 svg2mod 339:  Writing Text with 12 points
03-22 15:12:54 svg2mod 339:  Writing Text with 10 points
03-22 15:12:56 svg2mod 1301:Font "BerkeleyMono-Bold" does not natively support style "Regular" using "Path" instead
03-22 15:12:56 svg2mod-unfiltered 262:Found SVG layer: F.SilkS
03-22 15:12:56 svg2mod 263:  Detailed names: [F.SilkS]
03-22 15:12:56 svg2mod 304:  Inlining 7 segments...
03-22 15:12:56 svg2mod 339:  Writing Text with 161 points
03-22 15:12:56 svg2mod 339:  Writing Text with 17 points
03-22 15:12:56 svg2mod 339:  Writing Text with 5 points
03-22 15:12:56 svg2mod 339:  Writing Text with 12 points
03-22 15:12:56 svg2mod 339:  Writing Text with 10 points
03-22 15:12:58 svg2mod 1301:Font "BerkeleyMono-Bold" does not natively support style "Regular" using "Path" instead
03-22 15:12:58 svg2mod-unfiltered 262:Found SVG layer: F.SilkS
03-22 15:12:58 svg2mod 263:  Detailed names: [F.SilkS]
03-22 15:12:58 svg2mod 304:  Inlining 7 segments...
03-22 15:12:58 svg2mod 339:  Writing Text with 161 points
03-22 15:12:58 svg2mod 339:  Writing Text with 17 points
03-22 15:12:58 svg2mod 339:  Writing Text with 5 points
03-22 15:12:58 svg2mod 339:  Writing Text with 12 points
03-22 15:12:58 svg2mod 339:  Writing Text with 10 points
03-22 15:12:59 svg2mod 1301:Font "BerkeleyMono-Bold" does not natively support style "Regular" using "Path" instead
03-22 15:12:59 svg2mod-unfiltered 262:Found SVG layer: F.SilkS
03-22 15:12:59 svg2mod 263:  Detailed names: [F.SilkS]
03-22 15:12:59 svg2mod 304:  Inlining 7 segments...
03-22 15:12:59 svg2mod 339:  Writing Text with 161 points
03-22 15:12:59 svg2mod 339:  Writing Text with 17 points
03-22 15:12:59 svg2mod 339:  Writing Text with 5 points
03-22 15:12:59 svg2mod 339:  Writing Text with 12 points
03-22 15:12:59 svg2mod 339:  Writing Text with 10 points
03-22 15:13:00 com_github_gregdavill_KiBuzzard.plugin 57:Running KiBuzzard
03-22 15:13:00 svg2mod-unfiltered 262:Found SVG layer: F.SilkS
03-22 15:13:00 svg2mod 263:  Detailed names: [F.SilkS]
03-22 15:13:00 svg2mod 304:  Inlining 7 segments...
03-22 15:13:00 svg2mod 339:  Writing Text with 161 points
03-22 15:13:00 svg2mod 339:  Writing Text with 17 points
03-22 15:13:00 svg2mod 339:  Writing Text with 5 points
03-22 15:13:00 svg2mod 339:  Writing Text with 12 points
03-22 15:13:00 svg2mod 339:  Writing Text with 10 points
03-22 15:13:00 com_github_gregdavill_KiBuzzard.plugin 71:Loading label onto clipboard
03-22 15:13:00 com_github_gregdavill_KiBuzzard.plugin 128:Using wx.KeyEvent for paste
03-22 15:13:00 com_github_gregdavill_KiBuzzard.plugin 132: Injecting event: <wx._core.KeyEvent object at 0x16f505700> into window: <wx._core.Window object at 0x1234755e0>
03-22 15:13:33 svg2mod 1301:Font "BerkeleyMono-Bold" does not natively support style "Regular" using "Path" instead
03-22 15:13:33 svg2mod-unfiltered 262:Found SVG layer: F.SilkS
03-22 15:13:33 svg2mod 263:  Detailed names: [F.SilkS]
03-22 15:13:33 svg2mod 304:  Inlining 7 segments...
03-22 15:13:33 svg2mod 339:  Writing Text with 161 points
03-22 15:13:33 svg2mod 339:  Writing Text with 17 points
03-22 15:13:33 svg2mod 339:  Writing Text with 5 points
03-22 15:13:33 svg2mod 339:  Writing Text with 12 points
03-22 15:13:33 svg2mod 339:  Writing Text with 10 points
03-22 15:13:35 svg2mod 1301:Font "BerkeleyMono-Bold" does not natively support style "Regular" using "Path" instead
03-22 15:13:35 svg2mod-unfiltered 262:Found SVG layer: F.SilkS
03-22 15:13:35 svg2mod 263:  Detailed names: [F.SilkS]
03-22 15:13:35 svg2mod 304:  Inlining 7 segments...
03-22 15:13:35 svg2mod 339:  Writing Text with 161 points
03-22 15:13:35 svg2mod 339:  Writing Text with 17 points
03-22 15:13:35 svg2mod 339:  Writing Text with 5 points
03-22 15:13:35 svg2mod 339:  Writing Text with 12 points
03-22 15:13:35 svg2mod 339:  Writing Text with 10 points
03-22 15:13:36 com_github_gregdavill_KiBuzzard.plugin 57:Running KiBuzzard
03-22 15:13:36 svg2mod-unfiltered 262:Found SVG layer: F.SilkS
03-22 15:13:36 svg2mod 263:  Detailed names: [F.SilkS]
03-22 15:13:36 svg2mod 304:  Inlining 7 segments...
03-22 15:13:36 svg2mod 339:  Writing Text with 161 points
03-22 15:13:36 svg2mod 339:  Writing Text with 17 points
03-22 15:13:36 svg2mod 339:  Writing Text with 5 points
03-22 15:13:36 svg2mod 339:  Writing Text with 12 points
03-22 15:13:36 svg2mod 339:  Writing Text with 10 points
03-22 15:13:36 com_github_gregdavill_KiBuzzard.plugin 81:Updating selected footprint <pcbnew.FOOTPRINT; proxy of <Swig Object of type 'FOOTPRINT *' at 0x10e8a2300> >
03-22 15:13:36 com_github_gregdavill_KiBuzzard.plugin 89: pos: (113800000, 50450000)
03-22 15:13:36 com_github_gregdavill_KiBuzzard.plugin 90: orient: 0.0
03-22 15:13:36 com_github_gregdavill_KiBuzzard.plugin 91: need_flip: False
03-22 15:13:54 svg2mod 1301:Font "BerkeleyMono-Bold" does not natively support style "Regular" using "Path" instead
03-22 15:13:54 svg2mod-unfiltered 262:Found SVG layer: F.SilkS
03-22 15:13:54 svg2mod 263:  Detailed names: [F.SilkS]
03-22 15:13:54 svg2mod 304:  Inlining 2 segments...
03-22 15:13:54 svg2mod 339:  Writing Text with 30 points
03-22 15:13:59 svg2mod 1301:Font "BerkeleyMono-Bold" does not natively support style "Regular" using "Path" instead
03-22 15:13:59 svg2mod-unfiltered 262:Found SVG layer: F.SilkS
03-22 15:13:59 svg2mod 263:  Detailed names: [F.SilkS]
03-22 15:13:59 svg2mod 304:  Inlining 4 segments...
03-22 15:13:59 svg2mod 339:  Writing Text with 86 points
03-22 15:14:01 svg2mod 1301:Font "BerkeleyMono-Bold" does not natively support style "Regular" using "Path" instead
03-22 15:14:01 svg2mod 1301:Font "BerkeleyMono-Bold" does not natively support style "Regular" using "Path" instead
03-22 15:14:01 svg2mod-unfiltered 262:Found SVG layer: F.SilkS
03-22 15:14:01 svg2mod 263:  Detailed names: [F.SilkS]
03-22 15:14:01 svg2mod 304:  Inlining 4 segments...
03-22 15:14:01 svg2mod 339:  Writing Text with 86 points
03-22 15:14:03 com_github_gregdavill_KiBuzzard.plugin 57:Running KiBuzzard
03-22 15:14:03 svg2mod-unfiltered 262:Found SVG layer: F.SilkS
03-22 15:14:03 svg2mod 263:  Detailed names: [F.SilkS]
03-22 15:14:03 svg2mod 304:  Inlining 4 segments...
03-22 15:14:03 svg2mod 339:  Writing Text with 86 points
03-22 15:14:03 com_github_gregdavill_KiBuzzard.plugin 71:Loading label onto clipboard
03-22 15:14:03 com_github_gregdavill_KiBuzzard.plugin 128:Using wx.KeyEvent for paste
03-22 15:14:03 com_github_gregdavill_KiBuzzard.plugin 132: Injecting event: <wx._core.KeyEvent object at 0x1133835e0> into window: <wx._core.Window object at 0x123475af0>
03-22 15:14:28 svg2mod 1301:Font "BerkeleyMono-Bold" does not natively support style "Regular" using "Path" instead
03-22 15:14:28 svg2mod 1301:Font "BerkeleyMono-Bold" does not natively support style "Regular" using "Path" instead
03-22 15:14:28 svg2mod-unfiltered 262:Found SVG layer: F.SilkS
03-22 15:14:28 svg2mod 263:  Detailed names: [F.SilkS]
03-22 15:14:28 svg2mod 304:  Inlining 4 segments...
03-22 15:14:28 svg2mod 339:  Writing Text with 86 points
03-22 15:14:35 svg2mod 1301:Font "BerkeleyMono-Bold" does not natively support style "Regular" using "Path" instead
03-22 15:14:35 svg2mod 1301:Font "BerkeleyMono-Bold" does not natively support style "Regular" using "Path" instead
03-22 15:14:35 svg2mod-unfiltered 262:Found SVG layer: F.SilkS
03-22 15:14:35 svg2mod 263:  Detailed names: [F.SilkS]
03-22 15:14:35 svg2mod 304:  Inlining 4 segments...
03-22 15:14:35 svg2mod 339:  Writing Text with 118 points
03-22 15:14:36 svg2mod 1301:Font "BerkeleyMono-Bold" does not natively support style "Regular" using "Path" instead
03-22 15:14:36 svg2mod 1301:Font "BerkeleyMono-Bold" does not natively support style "Regular" using "Path" instead
03-22 15:14:36 svg2mod-unfiltered 262:Found SVG layer: F.SilkS
03-22 15:14:36 svg2mod 263:  Detailed names: [F.SilkS]
03-22 15:14:36 svg2mod 304:  Inlining 5 segments...
03-22 15:14:36 svg2mod 339:  Writing Text with 156 points
03-22 15:14:36 svg2mod 339:  Writing Text with 15 points
03-22 15:14:40 svg2mod 1301:Font "BerkeleyMono-Bold" does not natively support style "Regular" using "Path" instead
03-22 15:14:40 svg2mod 1301:Font "BerkeleyMono-Bold" does not natively support style "Regular" using "Path" instead
03-22 15:14:40 svg2mod-unfiltered 262:Found SVG layer: F.SilkS
03-22 15:14:40 svg2mod 263:  Detailed names: [F.SilkS]
03-22 15:14:40 svg2mod 304:  Inlining 4 segments...
03-22 15:14:40 svg2mod 339:  Writing Text with 112 points
03-22 15:14:40 svg2mod 339:  Writing Text with 15 points
03-22 15:14:41 svg2mod 1301:Font "BerkeleyMono-Bold" does not natively support style "Regular" using "Path" instead
03-22 15:14:41 svg2mod 1301:Font "BerkeleyMono-Bold" does not natively support style "Regular" using "Path" instead
03-22 15:14:41 svg2mod-unfiltered 262:Found SVG layer: F.SilkS
03-22 15:14:41 svg2mod 263:  Detailed names: [F.SilkS]
03-22 15:14:41 svg2mod 304:  Inlining 3 segments...
03-22 15:14:41 svg2mod 339:  Writing Text with 100 points
03-22 15:14:41 svg2mod 339:  Writing Text with 15 points
03-22 15:14:41 svg2mod 1301:Font "BerkeleyMono-Bold" does not natively support style "Regular" using "Path" instead
03-22 15:14:41 svg2mod 1301:Font "BerkeleyMono-Bold" does not natively support style "Regular" using "Path" instead
03-22 15:14:41 svg2mod-unfiltered 262:Found SVG layer: F.SilkS
03-22 15:14:41 svg2mod 263:  Detailed names: [F.SilkS]
03-22 15:14:41 svg2mod 304:  Inlining 4 segments...
03-22 15:14:41 svg2mod 339:  Writing Text with 144 points
03-22 15:14:41 svg2mod 339:  Writing Text with 15 points
03-22 15:14:41 svg2mod 1301:Font "BerkeleyMono-Bold" does not natively support style "Regular" using "Path" instead
03-22 15:14:41 svg2mod 1301:Font "BerkeleyMono-Bold" does not natively support style "Regular" using "Path" instead
03-22 15:14:41 svg2mod-unfiltered 262:Found SVG layer: F.SilkS
03-22 15:14:41 svg2mod 263:  Detailed names: [F.SilkS]
03-22 15:14:41 svg2mod 304:  Inlining 5 segments...
03-22 15:14:41 svg2mod 339:  Writing Text with 154 points
03-22 15:14:41 svg2mod 339:  Writing Text with 15 points
03-22 15:14:45 com_github_gregdavill_KiBuzzard.plugin 57:Running KiBuzzard
03-22 15:14:45 svg2mod-unfiltered 262:Found SVG layer: F.SilkS
03-22 15:14:45 svg2mod 263:  Detailed names: [F.SilkS]
03-22 15:14:45 svg2mod 304:  Inlining 5 segments...
03-22 15:14:45 svg2mod 339:  Writing Text with 154 points
03-22 15:14:45 svg2mod 339:  Writing Text with 15 points
03-22 15:14:45 com_github_gregdavill_KiBuzzard.plugin 81:Updating selected footprint <pcbnew.FOOTPRINT; proxy of <Swig Object of type 'FOOTPRINT *' at 0x178873ed0> >
03-22 15:14:45 com_github_gregdavill_KiBuzzard.plugin 89: pos: (120150000, 54250000)
03-22 15:14:45 com_github_gregdavill_KiBuzzard.plugin 90: orient: 0.0
03-22 15:14:45 com_github_gregdavill_KiBuzzard.plugin 91: need_flip: False
